<?xml version="1.0" encoding="UTF-8"?>
<!-- Generated by org.testng.reporters.JUnitReportReporter -->
<testsuite skipped="2" hostname="KT-MAC-141.local" name="testClasses.Property_Detail_Test" tests="3" failures="0" timestamp="12 Jan 2019 08:02:48 GMT" time="14.621" errors="0">
  <testcase name="c_images" time="14.621" classname="testClasses.Property_Detail_Test"/>
  <testcase name="a_basicdetails" classname="testClasses.Property_Detail_Test">
    <skipped/>
  </testcase> <!-- a_basicdetails -->
  <testcase name="b_ElementsCheck" classname="testClasses.Property_Detail_Test">
    <skipped/>
  </testcase> <!-- b_ElementsCheck -->
</testsuite> <!-- testClasses.Property_Detail_Test -->
