<?xml version="1.0" encoding="UTF-8"?>
<!-- Generated by org.testng.reporters.JUnitReportReporter -->
<testsuite skipped="0" hostname="KT-MAC-141.local" name="testClasses.Property_Detail_Test" tests="1" failures="0" timestamp="02 Jan 2019 14:47:00 GMT" time="13.469" errors="0">
  <testcase name="a_ElementsCheck" time="13.469" classname="testClasses.Property_Detail_Test"/>
</testsuite> <!-- testClasses.Property_Detail_Test -->
