<?xml version="1.0" encoding="UTF-8"?>
<!-- Generated by org.testng.reporters.JUnitReportReporter -->
<testsuite skipped="0" hostname="Navneet.local" name="testClasses.Home_API" tests="1" failures="0" timestamp="20 Mar 2019 07:36:03 GMT" time="3.077" errors="0">
  <testcase name="a" time="3.077" classname="testClasses.Home_API"/>
</testsuite> <!-- testClasses.Home_API -->
