<?xml version="1.0" encoding="UTF-8"?>
<!-- Generated by org.testng.reporters.JUnitReportReporter -->
<testsuite skipped="0" hostname="KT-MAC-141.local" name="testClasses.Property_Detail_Test" tests="1" failures="0" timestamp="31 Dec 2018 15:29:26 GMT" time="17.877" errors="0">
  <testcase name="a_ElementsCheck" time="17.877" classname="testClasses.Property_Detail_Test"/>
</testsuite> <!-- testClasses.Property_Detail_Test -->
