<?xml version="1.0" encoding="UTF-8"?>
<!-- Generated by org.testng.reporters.JUnitReportReporter -->
<testsuite skipped="0" hostname="KT-MAC-141.local" name="testClasses.Login_Test" tests="6" failures="0" timestamp="02 Jan 2019 06:31:13 GMT" time="217.829" errors="0">
  <testcase name="a_elementsCheck" time="13.226" classname="testClasses.Login_Test"/>
  <testcase name="f_reset" time="105.581" classname="testClasses.Login_Test"/>
  <testcase name="b_buttonCheck" time="26.676" classname="testClasses.Login_Test"/>
  <testcase name="c_cancel" time="11.701" classname="testClasses.Login_Test"/>
  <testcase name="e_forgot" time="44.803" classname="testClasses.Login_Test"/>
  <testcase name="d_invalid" time="15.842" classname="testClasses.Login_Test"/>
</testsuite> <!-- testClasses.Login_Test -->
