<?xml version="1.0" encoding="UTF-8"?>
<!-- Generated by org.testng.reporters.JUnitReportReporter -->
<testsuite skipped="5" hostname="KT-MAC-141.local" name="testClasses.Property_Detail_Test" tests="6" failures="0" timestamp="18 Jan 2019 13:51:44 GMT" time="22.527" errors="0">
  <testcase name="f_similarfinal" time="22.527" classname="testClasses.Property_Detail_Test"/>
  <testcase name="d_imageurl" classname="testClasses.Property_Detail_Test">
    <skipped/>
  </testcase> <!-- d_imageurl -->
  <testcase name="e_slider" classname="testClasses.Property_Detail_Test">
    <skipped/>
  </testcase> <!-- e_slider -->
  <testcase name="a_basicdetails" classname="testClasses.Property_Detail_Test">
    <skipped/>
  </testcase> <!-- a_basicdetails -->
  <testcase name="c_imagestext" classname="testClasses.Property_Detail_Test">
    <skipped/>
  </testcase> <!-- c_imagestext -->
  <testcase name="b_ElementsCheck" classname="testClasses.Property_Detail_Test">
    <skipped/>
  </testcase> <!-- b_ElementsCheck -->
</testsuite> <!-- testClasses.Property_Detail_Test -->
