<?xml version="1.0" encoding="UTF-8"?>
<!-- Generated by org.testng.reporters.JUnitReportReporter -->
<testsuite skipped="3" hostname="KT-MAC-141.local" name="testClasses.Property_Detail_Test" tests="4" failures="0" timestamp="14 Jan 2019 13:02:35 GMT" time="31.222" errors="0">
  <testcase name="d_imageurl" time="31.222" classname="testClasses.Property_Detail_Test"/>
  <testcase name="a_basicdetails" classname="testClasses.Property_Detail_Test">
    <skipped/>
  </testcase> <!-- a_basicdetails -->
  <testcase name="c_imagestext" classname="testClasses.Property_Detail_Test">
    <skipped/>
  </testcase> <!-- c_imagestext -->
  <testcase name="b_ElementsCheck" classname="testClasses.Property_Detail_Test">
    <skipped/>
  </testcase> <!-- b_ElementsCheck -->
</testsuite> <!-- testClasses.Property_Detail_Test -->
