<?xml version="1.0" encoding="UTF-8"?>
<!-- Generated by org.testng.reporters.JUnitReportReporter -->
<testsuite skipped="1" hostname="Navneet.local" name="testClasses.Home_API" tests="2" failures="0" timestamp="08 May 2019 15:22:30 GMT" time="4.354" errors="0">
  <testcase name="b_post" time="4.354" classname="testClasses.Home_API"/>
  <testcase name="a_get" classname="testClasses.Home_API">
    <skipped/>
  </testcase> <!-- a_get -->
</testsuite> <!-- testClasses.Home_API -->
