<?xml version="1.0" encoding="UTF-8"?>
<!-- Generated by org.testng.reporters.JUnitReportReporter -->
<testsuite skipped="10" hostname="KT-MAC-141.local" name="testClasses.Home_Test" tests="11" failures="0" timestamp="31 Dec 2018 13:28:21 GMT" time="15.289" errors="0">
  <testcase name="k_tile" time="15.289" classname="testClasses.Home_Test"/>
  <testcase name="h_about" classname="testClasses.Home_Test">
    <skipped/>
  </testcase> <!-- h_about -->
  <testcase name="f_twitter" classname="testClasses.Home_Test">
    <skipped/>
  </testcase> <!-- f_twitter -->
  <testcase name="e_insta" classname="testClasses.Home_Test">
    <skipped/>
  </testcase> <!-- e_insta -->
  <testcase name="a_elements_check" classname="testClasses.Home_Test">
    <skipped/>
  </testcase> <!-- a_elements_check -->
  <testcase name="i_faq" classname="testClasses.Home_Test">
    <skipped/>
  </testcase> <!-- i_faq -->
  <testcase name="g_fb" classname="testClasses.Home_Test">
    <skipped/>
  </testcase> <!-- g_fb -->
  <testcase name="c_send" classname="testClasses.Home_Test">
    <skipped/>
  </testcase> <!-- c_send -->
  <testcase name="b_scroll" classname="testClasses.Home_Test">
    <skipped/>
  </testcase> <!-- b_scroll -->
  <testcase name="d_send1" classname="testClasses.Home_Test">
    <skipped/>
  </testcase> <!-- d_send1 -->
  <testcase name="j_contact" classname="testClasses.Home_Test">
    <skipped/>
  </testcase> <!-- j_contact -->
</testsuite> <!-- testClasses.Home_Test -->
