<?xml version="1.0" encoding="UTF-8"?>
<!-- Generated by org.testng.reporters.JUnitReportReporter -->
<testsuite skipped="0" hostname="KT-MAC-141.local" name="testClasses.Registration_Test" tests="3" failures="0" timestamp="02 Jan 2019 06:31:13 GMT" time="139.950" errors="0">
  <testcase name="c_verify" time="38.959" classname="testClasses.Registration_Test"/>
  <testcase name="a_elementscheck" time="21.415" classname="testClasses.Registration_Test"/>
  <testcase name="b_register" time="79.576" classname="testClasses.Registration_Test"/>
</testsuite> <!-- testClasses.Registration_Test -->
